<?xml version="1.0" encoding="UTF-8"?>
<!-- Generated by org.testng.reporters.JUnitXMLReporter -->
<testsuite ignored="0" hostname="PC-Aadish" failures="1" tests="1" name="Sprint1(failed)" time="0.042" errors="0" timestamp="2023-11-20T12:15:08 IST">
  <testcase classname="FailedTetscase.Testcase3" name="insta" time="0.006">
    <failure type="java.lang.AssertionError" message="expected [true] but found [false]">
      <![CDATA[java.lang.AssertionError: expected [true] but found [false]
at FailedTetscase.Testcase3.insta(Testcase3.java:12)
at java.base/java.util.ArrayList.forEach(ArrayList.java:1511)
at FailedTetscase.Runner.main(Runner.java:16)
... Removed 28 stack frames]]>
    </failure>
  </testcase> <!-- insta -->
</testsuite> <!-- Sprint1(failed) -->
